<?xml version="1.0" encoding="utf-8"?><testsuites name="pytest tests"><testsuite name="pytest" errors="0" failures="0" skipped="0" tests="27" time="31.746" timestamp="2026-06-12T14:50:12.525127+00:00" hostname="agent-env-5d81915e-fd7c-49d1-a3ab-299ad193bba9"><testcase classname="backend.tests.test_nextalk_api" name="test_root" time="0.275" /><testcase classname="backend.tests.test_nextalk_api" name="test_register_duplicate" time="0.589" /><testcase classname="backend.tests.test_nextalk_api" name="test_login_invalid" time="0.341" /><testcase classname="backend.tests.test_nextalk_api" name="test_login_success" time="0.364" /><testcase classname="backend.tests.test_nextalk_api" name="test_auth_me" time="0.155" /><testcase classname="backend.tests.test_nextalk_api" name="test_auth_me_unauthorized" time="0.113" /><testcase classname="backend.tests.test_nextalk_api" name="test_update_profile" time="0.205" /><testcase classname="backend.tests.test_nextalk_api" name="test_search_users" time="0.558" /><testcase classname="backend.tests.test_nextalk_api" name="test_search_users_excludes_self" time="0.135" /><testcase classname="backend.tests.test_nextalk_api" name="test_create_private_conversation" time="0.105" /><testcase classname="backend.tests.test_nextalk_api" name="test_private_conv_idempotent" time="0.104" /><testcase classname="backend.tests.test_nextalk_api" name="test_list_conversations" time="0.103" /><testcase classname="backend.tests.test_nextalk_api" name="test_create_group" time="0.557" /><testcase classname="backend.tests.test_nextalk_api" name="test_send_and_list_message" time="0.212" /><testcase classname="backend.tests.test_nextalk_api" name="test_edit_message" time="0.198" /><testcase classname="backend.tests.test_nextalk_api" name="test_delete_message" time="0.232" /><testcase classname="backend.tests.test_nextalk_api" name="test_edit_message_not_owner" time="0.277" /><testcase classname="backend.tests.test_nextalk_api" name="test_react_message_toggle" time="0.309" /><testcase classname="backend.tests.test_nextalk_api" name="test_mark_read" time="0.192" /><testcase classname="backend.tests.test_nextalk_api" name="test_search_messages" time="0.232" /><testcase classname="backend.tests.test_nextalk_api" name="test_pin_archive" time="0.504" /><testcase classname="backend.tests.test_nextalk_api" name="test_upload" time="0.096" /><testcase classname="backend.tests.test_nextalk_api" name="test_ws_real_time_message_and_typing" time="7.368" /><testcase classname="backend.tests.test_nextalk_api" name="test_ws_invalid_token" time="0.158" /><testcase classname="backend.tests.test_nextalk_api" name="test_ws_call_signaling_relay" time="11.704" /><testcase classname="backend.tests.test_nextalk_api" name="test_ws_call_event_missing_to_ignored" time="3.341" /><testcase classname="backend.tests.test_nextalk_api" name="test_ws_call_ringing_relay" time="3.111" /></testsuite></testsuites>