<?xml version="1.0" encoding="utf-8"?><testsuites name="pytest tests"><testsuite name="pytest" errors="0" failures="0" skipped="0" tests="24" time="13.326" timestamp="2026-06-12T14:23:25.812488+00:00" hostname="agent-env-5d81915e-fd7c-49d1-a3ab-299ad193bba9"><testcase classname="backend.tests.test_nextalk_api" name="test_root" time="0.289" /><testcase classname="backend.tests.test_nextalk_api" name="test_register_duplicate" time="0.558" /><testcase classname="backend.tests.test_nextalk_api" name="test_login_invalid" time="0.331" /><testcase classname="backend.tests.test_nextalk_api" name="test_login_success" time="0.369" /><testcase classname="backend.tests.test_nextalk_api" name="test_auth_me" time="0.100" /><testcase classname="backend.tests.test_nextalk_api" name="test_auth_me_unauthorized" time="0.094" /><testcase classname="backend.tests.test_nextalk_api" name="test_update_profile" time="0.227" /><testcase classname="backend.tests.test_nextalk_api" name="test_search_users" time="0.461" /><testcase classname="backend.tests.test_nextalk_api" name="test_search_users_excludes_self" time="0.155" /><testcase classname="backend.tests.test_nextalk_api" name="test_create_private_conversation" time="0.162" /><testcase classname="backend.tests.test_nextalk_api" name="test_private_conv_idempotent" time="0.112" /><testcase classname="backend.tests.test_nextalk_api" name="test_list_conversations" time="0.097" /><testcase classname="backend.tests.test_nextalk_api" name="test_create_group" time="0.426" /><testcase classname="backend.tests.test_nextalk_api" name="test_send_and_list_message" time="0.218" /><testcase classname="backend.tests.test_nextalk_api" name="test_edit_message" time="0.227" /><testcase classname="backend.tests.test_nextalk_api" name="test_delete_message" time="0.187" /><testcase classname="backend.tests.test_nextalk_api" name="test_edit_message_not_owner" time="0.195" /><testcase classname="backend.tests.test_nextalk_api" name="test_react_message_toggle" time="0.307" /><testcase classname="backend.tests.test_nextalk_api" name="test_mark_read" time="0.214" /><testcase classname="backend.tests.test_nextalk_api" name="test_search_messages" time="0.186" /><testcase classname="backend.tests.test_nextalk_api" name="test_pin_archive" time="0.577" /><testcase classname="backend.tests.test_nextalk_api" name="test_upload" time="0.122" /><testcase classname="backend.tests.test_nextalk_api" name="test_ws_real_time_message_and_typing" time="7.376" /><testcase classname="backend.tests.test_nextalk_api" name="test_ws_invalid_token" time="0.147" /></testsuite></testsuites>